0 info it worked if it ends with ok
1 verbose cli [ 'node', '/usr/local/bin/npm', 'install' ]
2 info using npm@2.7.4
3 info using node@v0.12.2
4 verbose install where, deps [ '/Users/bashendriks/Documents/School/MIA/miaSupersonic',
4 verbose install   [ 'grunt-steroids' ] ]
5 verbose install where, peers [ '/Users/bashendriks/Documents/School/MIA/miaSupersonic', [] ]
6 info preinstall miaSupersonic@0.0.0
7 silly cache add args [ 'grunt-steroids@1.x', null ]
8 verbose cache add spec grunt-steroids@1.x
9 silly cache add parsed spec { raw: 'grunt-steroids@1.x',
9 silly cache add   scope: null,
9 silly cache add   name: 'grunt-steroids',
9 silly cache add   rawSpec: '1.x',
9 silly cache add   spec: '>=1.0.0 <2.0.0',
9 silly cache add   type: 'range' }
10 verbose addNamed grunt-steroids@>=1.0.0 <2.0.0
11 silly addNamed semver.valid null
12 silly addNamed semver.validRange >=1.0.0 <2.0.0
13 silly addNameRange { name: 'grunt-steroids',
13 silly addNameRange   range: '>=1.0.0 <2.0.0',
13 silly addNameRange   hasData: false }
14 silly mapToRegistry name grunt-steroids
15 silly mapToRegistry using default registry
16 silly mapToRegistry registry https://registry.npmjs.org/
17 silly mapToRegistry uri https://registry.npmjs.org/grunt-steroids
18 verbose addNameRange registry:https://registry.npmjs.org/grunt-steroids not in flight; fetching
19 verbose request uri https://registry.npmjs.org/grunt-steroids
20 verbose request no auth needed
21 info attempt registry request try #1 at 1:52:45 PM
22 verbose request id d7a90788f8db4fb4
23 verbose etag "5GA4GA4L7DFMCGKBV7ZSTGIKE"
24 http request GET https://registry.npmjs.org/grunt-steroids
25 http 304 https://registry.npmjs.org/grunt-steroids
26 silly get cb [ 304,
26 silly get   { date: 'Mon, 18 May 2015 11:52:45 GMT',
26 silly get     via: '1.1 varnish',
26 silly get     'cache-control': 'max-age=60',
26 silly get     etag: '"5GA4GA4L7DFMCGKBV7ZSTGIKE"',
26 silly get     age: '0',
26 silly get     connection: 'keep-alive',
26 silly get     'x-served-by': 'cache-ams4139-AMS',
26 silly get     'x-cache': 'MISS',
26 silly get     'x-cache-hits': '0',
26 silly get     'x-timer': 'S1431949965.611958,VS0,VE472',
26 silly get     vary: 'Accept' } ]
27 verbose etag https://registry.npmjs.org/grunt-steroids from cache
28 verbose get saving grunt-steroids to /Users/bashendriks/.npm/registry.npmjs.org/grunt-steroids/.cache.json
29 silly addNameRange number 2 { name: 'grunt-steroids',
29 silly addNameRange   range: '>=1.0.0 <2.0.0',
29 silly addNameRange   hasData: true }
30 silly addNameRange versions [ 'grunt-steroids',
30 silly addNameRange   [ '0.1.0',
30 silly addNameRange     '0.1.1',
30 silly addNameRange     '0.2.0',
30 silly addNameRange     '0.2.1',
30 silly addNameRange     '0.2.2',
30 silly addNameRange     '0.2.3',
30 silly addNameRange     '1.0.6',
30 silly addNameRange     '1.0.7',
30 silly addNameRange     '1.1.0' ] ]
31 verbose addNamed grunt-steroids@1.1.0
32 silly addNamed semver.valid 1.1.0
33 silly addNamed semver.validRange 1.1.0
34 silly cache afterAdd grunt-steroids@1.1.0
35 verbose afterAdd /Users/bashendriks/.npm/grunt-steroids/1.1.0/package/package.json not in flight; writing
36 verbose afterAdd /Users/bashendriks/.npm/grunt-steroids/1.1.0/package/package.json written
37 silly install resolved [ { name: 'grunt-steroids',
37 silly install resolved     description: 'Grunt tasks for AppGyver Steroids.',
37 silly install resolved     version: '1.1.0',
37 silly install resolved     homepage: 'http://www.appgyver.com',
37 silly install resolved     author: { name: 'AppGyver', email: 'contact@appgyver.com' },
37 silly install resolved     contributors: [ [Object], [Object], [Object] ],
37 silly install resolved     repository:
37 silly install resolved      { type: 'git',
37 silly install resolved        url: 'git://github.com/AppGyver/grunt-steroids.git' },
37 silly install resolved     bugs: { url: 'https://github.com/AppGyver/grunt-steroids/issues' },
37 silly install resolved     licenses: { type: 'MIT' },
37 silly install resolved     engines: { node: '>= 0.10.0' },
37 silly install resolved     scripts: { test: 'grunt test' },
37 silly install resolved     devDependencies: { grunt: '0.4.5' },
37 silly install resolved     dependencies:
37 silly install resolved      { 'ag-resource-loader-raml': '^1.0.0',
37 silly install resolved        chalk: '0.3.0',
37 silly install resolved        lodash: '2.4.1',
37 silly install resolved        wrench: '1.5.4',
37 silly install resolved        xml2js: '0.4.4' },
37 silly install resolved     peerDependencies:
37 silly install resolved      { grunt: '0.4.5',
37 silly install resolved        'grunt-contrib-copy': '0.7.0',
37 silly install resolved        'grunt-contrib-clean': '0.6.0',
37 silly install resolved        'grunt-contrib-concat': '0.5.0',
37 silly install resolved        'grunt-contrib-coffee': '0.12.0',
37 silly install resolved        'grunt-contrib-sass': '0.8.1',
37 silly install resolved        'grunt-extend-config': '0.9.2' },
37 silly install resolved     keywords: [ 'gruntplugin', 'steroids', 'appgyver' ],
37 silly install resolved     gitHead: '819b67f10d7b84db802e0304b1f206a82438ff35',
37 silly install resolved     _id: 'grunt-steroids@1.1.0',
37 silly install resolved     _shasum: '6871b0cd5b28888316bbcffffb253bd848b2289e',
37 silly install resolved     _from: 'grunt-steroids@>=1.0.0 <2.0.0',
37 silly install resolved     _npmVersion: '2.9.1',
37 silly install resolved     _nodeVersion: '0.10.32',
37 silly install resolved     _npmUser: { name: 'ezku', email: 'eevert.saukkokoski@appgyver.com' },
37 silly install resolved     dist:
37 silly install resolved      { shasum: '6871b0cd5b28888316bbcffffb253bd848b2289e',
37 silly install resolved        tarball: 'http://registry.npmjs.org/grunt-steroids/-/grunt-steroids-1.1.0.tgz' },
37 silly install resolved     maintainers: [ [Object], [Object], [Object], [Object] ],
37 silly install resolved     directories: {},
37 silly install resolved     _resolved: 'https://registry.npmjs.org/grunt-steroids/-/grunt-steroids-1.1.0.tgz',
37 silly install resolved     readme: 'ERROR: No README data found!' } ]
38 info install grunt-steroids@1.1.0 into /Users/bashendriks/Documents/School/MIA/miaSupersonic
39 info installOne grunt-steroids@1.1.0
40 verbose installOne of grunt-steroids to /Users/bashendriks/Documents/School/MIA/miaSupersonic not in flight; installing
41 warn locking Error: EACCES, open '/Users/bashendriks/.npm/_locks/grunt-steroids-e8105bc7a2511fca.lock'
41 warn locking     at Error (native)
41 warn locking  /Users/bashendriks/.npm/_locks/grunt-steroids-e8105bc7a2511fca.lock failed { [Error: EACCES, open '/Users/bashendriks/.npm/_locks/grunt-steroids-e8105bc7a2511fca.lock']
41 warn locking   errno: -13,
41 warn locking   code: 'EACCES',
41 warn locking   path: '/Users/bashendriks/.npm/_locks/grunt-steroids-e8105bc7a2511fca.lock' }
42 verbose stack Error: Attempt to unlock /Users/bashendriks/Documents/School/MIA/miaSupersonic/node_modules/grunt-steroids, which hasn't been locked
42 verbose stack     at unlock (/usr/local/lib/node_modules/npm/lib/utils/locker.js:66:11)
42 verbose stack     at cb (/usr/local/lib/node_modules/npm/lib/install.js:1004:5)
42 verbose stack     at /usr/local/lib/node_modules/npm/lib/install.js:1008:20
42 verbose stack     at /usr/local/lib/node_modules/npm/lib/utils/locker.js:40:9
42 verbose stack     at cb (/usr/local/lib/node_modules/npm/node_modules/lockfile/lockfile.js:149:38)
42 verbose stack     at /usr/local/lib/node_modules/npm/node_modules/lockfile/lockfile.js:177:38
42 verbose stack     at FSReqWrap.oncomplete (fs.js:95:15)
43 verbose cwd /Users/bashendriks/Documents/School/MIA/miaSupersonic
44 error Darwin 14.4.0
45 error argv "node" "/usr/local/bin/npm" "install"
46 error node v0.12.2
47 error npm  v2.7.4
48 error Attempt to unlock /Users/bashendriks/Documents/School/MIA/miaSupersonic/node_modules/grunt-steroids, which hasn't been locked
49 error If you need help, you may report this error at:
49 error     <https://github.com/npm/npm/issues>
50 verbose exit [ 1, true ]
